<html>
<head>
<title>TestNG:  Test</title>
<link href="../testng.css" rel="stylesheet" type="text/css" />
<link href="../my-testng.css" rel="stylesheet" type="text/css" />

<style type="text/css">
.log { display: none;} 
.stack-trace { display: none;} 
</style>
<script type="text/javascript">
<!--
function flip(e) {
  current = e.style.display;
  if (current == 'block') {
    e.style.display = 'none';
    return 0;
  }
  else {
    e.style.display = 'block';
    return 1;
  }
}

function toggleBox(szDivId, elem, msg1, msg2)
{
  var res = -1;  if (document.getElementById) {
    res = flip(document.getElementById(szDivId));
  }
  else if (document.all) {
    // this is the way old msie versions work
    res = flip(document.all[szDivId]);
  }
  if(elem) {
    if(res == 0) elem.innerHTML = msg1; else elem.innerHTML = msg2;
  }

}

function toggleAllBoxes() {
  if (document.getElementsByTagName) {
    d = document.getElementsByTagName('div');
    for (i = 0; i < d.length; i++) {
      if (d[i].className == 'log') {
        flip(d[i]);
      }
    }
  }
}

// -->
</script>

</head>
<body>
<h2 align='center'>Test</h2><table border='1' align="center">
<tr>
<td>Tests passed/Failed/Skipped:</td><td>9/1/0</td>
</tr><tr>
<td>Started on:</td><td>Sun Feb 27 18:34:34 CET 2022</td>
</tr>
<tr><td>Total time:</td><td>123 seconds (123972 ms)</td>
</tr><tr>
<td>Included groups:</td><td></td>
</tr><tr>
<td>Excluded groups:</td><td></td>
</tr>
</table><p/>
<small><i>(Hover the method name to see the test class name)</i></small><p/>
<table width='100%' border='1' class='invocation-failed'>
<tr><td colspan='4' align='center'><b>FAILED TESTS</b></td></tr>
<tr><td><b>Test method</b></td>
<td width="30%"><b>Exception</b></td>
<td width="10%"><b>Time (seconds)</b></td>
<td><b>Instance</b></td>
</tr>
<tr>
<td title='testCases.IndexPageTest.verifyTitle()'><b>verifyTitle</b><br>Test class: testCases.IndexPageTest</td>
<td><div><pre>java.lang.AssertionError: expected [My Store 666] but found [My Store]
	at testCases.IndexPageTest.verifyTitle(IndexPageTest.java:46)
	at java.util.ArrayList.forEach(Unknown Source)
... Removed 33 stack frames</pre></div><a href='#' onClick='toggleBox("stack-trace332139408", this, "Click to show all stack frames", "Click to hide stack frames")'>Click to show all stack frames</a>
<div class='stack-trace' id='stack-trace332139408'><pre>java.lang.AssertionError: expected [My Store 666] but found [My Store]
	at org.testng.Assert.fail(Assert.java:99)
	at org.testng.Assert.failNotEquals(Assert.java:1037)
	at org.testng.Assert.assertEqualsImpl(Assert.java:140)
	at org.testng.Assert.assertEquals(Assert.java:122)
	at org.testng.Assert.assertEquals(Assert.java:629)
	at org.testng.Assert.assertEquals(Assert.java:639)
	at testCases.IndexPageTest.verifyTitle(IndexPageTest.java:46)
	at sun.reflect.NativeMethodAccessorImpl.invoke0(Native Method)
	at sun.reflect.NativeMethodAccessorImpl.invoke(Unknown Source)
	at sun.reflect.DelegatingMethodAccessorImpl.invoke(Unknown Source)
	at java.lang.reflect.Method.invoke(Unknown Source)
	at org.testng.internal.MethodInvocationHelper.invokeMethod(MethodInvocationHelper.java:133)
	at org.testng.internal.TestInvoker.invokeMethod(TestInvoker.java:598)
	at org.testng.internal.TestInvoker.invokeTestMethod(TestInvoker.java:173)
	at org.testng.internal.MethodRunner.runInSequence(MethodRunner.java:46)
	at org.testng.internal.TestInvoker$MethodInvocationAgent.invoke(TestInvoker.java:824)
	at org.testng.internal.TestInvoker.invokeTestMethods(TestInvoker.java:146)
	at org.testng.internal.TestMethodWorker.invokeTestMethods(TestMethodWorker.java:146)
	at org.testng.internal.TestMethodWorker.run(TestMethodWorker.java:128)
	at java.util.ArrayList.forEach(Unknown Source)
	at org.testng.TestRunner.privateRun(TestRunner.java:794)
	at org.testng.TestRunner.run(TestRunner.java:596)
	at org.testng.SuiteRunner.runTest(SuiteRunner.java:377)
	at org.testng.SuiteRunner.runSequentially(SuiteRunner.java:371)
	at org.testng.SuiteRunner.privateRun(SuiteRunner.java:332)
	at org.testng.SuiteRunner.run(SuiteRunner.java:276)
	at org.testng.SuiteRunnerWorker.runSuite(SuiteRunnerWorker.java:53)
	at org.testng.SuiteRunnerWorker.run(SuiteRunnerWorker.java:96)
	at org.testng.TestNG.runSuitesSequentially(TestNG.java:1212)
	at org.testng.TestNG.runSuitesLocally(TestNG.java:1134)
	at org.testng.TestNG.runSuites(TestNG.java:1063)
	at org.testng.TestNG.run(TestNG.java:1031)
	at org.testng.remote.AbstractRemoteTestNG.run(AbstractRemoteTestNG.java:115)
	at org.testng.remote.RemoteTestNG.initAndRun(RemoteTestNG.java:251)
	at org.testng.remote.RemoteTestNG.main(RemoteTestNG.java:77)
</pre></div></td>
<td>0</td>
<td>testCases.IndexPageTest@fe18270</td></tr>
</table><p>
<table width='100%' border='1' class='invocation-passed'>
<tr><td colspan='4' align='center'><b>PASSED TESTS</b></td></tr>
<tr><td><b>Test method</b></td>
<td width="30%"><b>Exception</b></td>
<td width="10%"><b>Time (seconds)</b></td>
<td><b>Instance</b></td>
</tr>
<tr>
<td title='testCases.AddToCartPageTest.addToCartTest()'><b>addToCartTest</b><br>Test class: testCases.AddToCartPageTest</td>
<td></td>
<td>7</td>
<td>testCases.AddToCartPageTest@6dde5c8c</td></tr>
<tr>
<td title='testCases.OrderPageTest.verifyTotalPrice()'><b>verifyTotalPrice</b><br>Test class: testCases.OrderPageTest<br>Parameters: t-shirt, 2.0, M</td>
<td></td>
<td>10</td>
<td>testCases.OrderPageTest@5579bb86</td></tr>
<tr>
<td title='testCases.HomePageTest.orderHistoryTest()'><b>orderHistoryTest</b><br>Test class: testCases.HomePageTest</td>
<td></td>
<td>5</td>
<td>testCases.HomePageTest@5123a213</td></tr>
<tr>
<td title='testCases.LoginPageTest.loginTest()'><b>loginTest</b><br>Test class: testCases.LoginPageTest<br>Parameters: admin@xyz.com, admin@123</td>
<td></td>
<td>4</td>
<td>testCases.LoginPageTest@b3d7190</td></tr>
<tr>
<td title='testCases.EndToEndTest.endToEndTest()'><b>endToEndTest</b><br>Test class: testCases.EndToEndTest</td>
<td></td>
<td>21</td>
<td>testCases.EndToEndTest@17211155</td></tr>
<tr>
<td title='testCases.HomePageTest.wishListTest()'><b>wishListTest</b><br>Test class: testCases.HomePageTest</td>
<td></td>
<td>5</td>
<td>testCases.HomePageTest@5123a213</td></tr>
<tr>
<td title='testCases.AccountCreationPageTest.createAccountTest()'><b>createAccountTest</b><br>Test class: testCases.AccountCreationPageTest</td>
<td></td>
<td>4</td>
<td>testCases.AccountCreationPageTest@5fdba6f9</td></tr>
<tr>
<td title='testCases.SearchResultPageTest.productAvailabilityTest()'><b>productAvailabilityTest</b><br>Test class: testCases.SearchResultPageTest</td>
<td></td>
<td>2</td>
<td>testCases.SearchResultPageTest@10d59286</td></tr>
<tr>
<td title='testCases.IndexPageTest.verifyLogo()'><b>verifyLogo</b><br>Test class: testCases.IndexPageTest</td>
<td></td>
<td>0</td>
<td>testCases.IndexPageTest@fe18270</td></tr>
</table><p>
</body>
</html>